<?xml version="1.0" encoding="UTF-8"?>
<!-- Generated by org.testng.reporters.JUnitReportReporter -->
<testsuite hostname="DESKTOP-GPS7AVV" failures="0" tests="1" name="com.mercedes.benz.tests.EndtoEnd_TC1" time="43.438" errors="0" timestamp="07 Jun 2019 19:39:33 GMT" skipped="0">
  <testcase classname="com.mercedes.benz.tests.EndtoEnd_TC1" name="endtoEnd_TC1" time="43.438"/>
</testsuite> <!-- com.mercedes.benz.tests.EndtoEnd_TC1 -->
